17:25:02  INFO: LiedBase gestart
17:25:03  WARN: Onbekend liturgie onderdeel: friet eten
17:25:15  INFO: Presentatie opgeslagen op: E:\Projects\Eclipse Workspace\LiedBase\target\Presentatie.pptx
17:25:31  INFO: LiedBase gestart
17:25:32  WARN: Onbekend liturgie onderdeel: friet eten
17:27:44  INFO: LiedBase gestart
17:27:45  WARN: Onbekend liturgie onderdeel: friet eten
17:27:56 ERROR: Het bestand kon niet worden opgeslagen op: E:\Projects\Eclipse Workspace\LiedBase\target\Presentatie.pptx
17:27:56 ERROR: Controleer of het niet is geopend in PowerPoint...
17:27:56  INFO: Presentatie opgeslagen op: E:\Projects\Eclipse Workspace\LiedBase\target\Presentatie.pptx
17:33:45  INFO: LiedBase gestart
17:33:56  INFO: Presentatie opgeslagen op: E:\Projects\Eclipse Workspace\LiedBase\target\Presentatie.pptx
17:38:12  INFO: LiedBase gestart
17:42:55  INFO: LiedBase gestart
17:43:06 ERROR: Het bestand kon niet worden opgeslagen op: E:\Projects\Eclipse Workspace\LiedBase\target\Presentatie.pptx
17:43:06 ERROR: Controleer of het niet is geopend in PowerPoint...
17:43:22  INFO: LiedBase gestart
17:43:33  INFO: Presentatie opgeslagen op: E:\Projects\Eclipse Workspace\LiedBase\target\Presentatie.pptx
19:42:05  INFO: LiedBase gestart
19:42:16  INFO: Presentatie opgeslagen op: E:\Projects\Eclipse Workspace\LiedBase\target\Presentatie.pptx
