20:00:52  INFO: LiedBase gestart
20:00:52  WARN: Voorganger werd niet gevonden (geen dubbele punt?). Voorbeeld: 'dominee: V. Oorganger'
20:00:59  INFO: Presentatie opgeslagen op: C:\Data\EclipseWorkspace\liedbase\target\Presentatie.pptx
12:48:38  INFO: LiedBase gestart
12:48:38  WARN: Voorganger werd niet gevonden (geen dubbele punt?). Voorbeeld: 'dominee: V. Oorganger'
12:48:46  INFO: Presentatie opgeslagen op: E:\Projects\Eclipse Workspace\LiedBase\target\Presentatie.pptx
12:48:51  INFO: LiedBase gestart
12:52:04  INFO: Presentatie opgeslagen op: E:\Projects\Eclipse Workspace\LiedBase\target\Presentatie.pptx
12:52:53  INFO: LiedBase gestart
12:53:03  INFO: Presentatie opgeslagen op: E:\Projects\Eclipse Workspace\LiedBase\target\Presentatie.pptx
12:53:44  INFO: LiedBase gestart
12:53:54  INFO: Presentatie opgeslagen op: E:\Projects\Eclipse Workspace\LiedBase\target\Presentatie.pptx
12:54:54  INFO: LiedBase gestart
12:55:04  INFO: Presentatie opgeslagen op: E:\Projects\Eclipse Workspace\LiedBase\target\Presentatie.pptx
13:49:15  INFO: LiedBase gestart
13:49:26  INFO: Presentatie opgeslagen op: E:\Projects\Eclipse Workspace\LiedBase\target\Presentatie.pptx
13:50:02  INFO: LiedBase gestart
13:50:02 ERROR: Invoerbestand 'E:\Projects\Eclipse Workspace\LiedBase\liturgie.txt' niet gevonden
13:50:28  INFO: LiedBase gestart
13:50:28 ERROR: Invoerbestand 'E:\Projects\Eclipse Workspace\LiedBase\liturgie.txt' niet gevonden
13:51:30  INFO: LiedBase gestart
13:51:39  INFO: Presentatie opgeslagen op: E:\Projects\Eclipse Workspace\LiedBase\target\Presentatie.pptx
13:53:07  INFO: LiedBase gestart
13:53:07  INFO: liturgie is leeg, niets te doen...
13:53:24  INFO: LiedBase gestart
13:53:33  INFO: Presentatie opgeslagen op: E:\Projects\Eclipse Workspace\LiedBase\target\Presentatie.pptx
13:56:02  INFO: LiedBase gestart
13:56:13  INFO: Presentatie opgeslagen op: E:\Projects\Eclipse Workspace\LiedBase\target\Presentatie.pptx
14:07:14  INFO: LiedBase gestart
14:07:15 ERROR: Onbekend liturgie onderdeel: friet eten
14:11:31  INFO: LiedBase gestart
14:11:32  WARN: Onbekend liturgie onderdeel: friet eten
14:12:06  INFO: LiedBase gestart
14:12:07  WARN: Onbekend liturgie onderdeel: friet eten
14:12:18  INFO: Presentatie opgeslagen op: E:\Projects\Eclipse Workspace\LiedBase\target\Presentatie.pptx
14:29:51  INFO: LiedBase gestart
14:29:52  WARN: Onbekend liturgie onderdeel: friet eten
14:30:02  INFO: Presentatie opgeslagen op: E:\Projects\Eclipse Workspace\LiedBase\target\Presentatie.pptx
