2014-10-31 11:47:28,876 - Initializing Velocity, Calling init()...
2014-10-31 11:47:28,876 - Starting Apache Velocity v1.7 (compiled: 2010-11-19 12:14:37)
2014-10-31 11:47:28,876 - Default Properties File: org\apache\velocity\runtime\defaults\velocity.properties
2014-10-31 11:47:28,876 - Trying to use logger class org.apache.velocity.runtime.log.AvalonLogChute
2014-10-31 11:47:28,876 - Target log system for org.apache.velocity.runtime.log.AvalonLogChute is not available (java.lang.NoClassDefFoundError: org/apache/log/format/Formatter).  Falling back to next log system...
2014-10-31 11:47:28,876 - Trying to use logger class org.apache.velocity.runtime.log.Log4JLogChute
2014-10-31 11:47:28,876 - Using logger class org.apache.velocity.runtime.log.Log4JLogChute
2014-10-31 11:47:28,891 - ResourceLoader instantiated: org.apache.velocity.runtime.resource.loader.FileResourceLoader
2014-10-31 11:47:28,891 - Do unicode file recognition:  false
2014-10-31 11:47:28,891 - FileResourceLoader : adding path '.'
2014-10-31 11:47:28,907 - ResourceCache: initialized (class org.apache.velocity.runtime.resource.ResourceCacheImpl) with class java.util.Collections$SynchronizedMap cache map.
2014-10-31 11:47:28,923 - Loaded System Directive: org.apache.velocity.runtime.directive.Stop
2014-10-31 11:47:28,923 - Loaded System Directive: org.apache.velocity.runtime.directive.Define
2014-10-31 11:47:28,923 - Loaded System Directive: org.apache.velocity.runtime.directive.Break
2014-10-31 11:47:28,923 - Loaded System Directive: org.apache.velocity.runtime.directive.Evaluate
2014-10-31 11:47:28,923 - Loaded System Directive: org.apache.velocity.runtime.directive.Literal
2014-10-31 11:47:28,923 - Loaded System Directive: org.apache.velocity.runtime.directive.Macro
2014-10-31 11:47:28,923 - Loaded System Directive: org.apache.velocity.runtime.directive.Parse
2014-10-31 11:47:28,923 - Loaded System Directive: org.apache.velocity.runtime.directive.Include
2014-10-31 11:47:28,923 - Loaded System Directive: org.apache.velocity.runtime.directive.Foreach
2014-10-31 11:47:28,969 - Created '20' parsers.
2014-10-31 11:47:28,969 - Velocimacro : "velocimacro.library" is not set.  Trying default library: VM_global_library.vm
2014-10-31 11:47:28,969 - Velocimacro : Default library not found.
2014-10-31 11:47:28,969 - Velocimacro : allowInline = true : VMs can be defined inline in templates
2014-10-31 11:47:28,969 - Velocimacro : allowInlineToOverride = false : VMs defined inline may NOT replace previous VM definitions
2014-10-31 11:47:28,969 - Velocimacro : allowInlineLocal = false : VMs defined inline will be global in scope if allowed.
2014-10-31 11:47:28,969 - Velocimacro : autoload off : VM system will not automatically reload global library macros
2014-10-31 11:47:29,016 - Log4JLogChute initialized using file 'velocity.log'
2014-10-31 11:47:29,016 - Initializing Velocity, Calling init()...
2014-10-31 11:47:29,016 - Starting Apache Velocity v1.7 (compiled: 2010-11-19 12:14:37)
2014-10-31 11:47:29,016 - Default Properties File: org\apache\velocity\runtime\defaults\velocity.properties
2014-10-31 11:47:29,016 - Trying to use logger class org.apache.velocity.runtime.log.AvalonLogChute
2014-10-31 11:47:29,016 - Target log system for org.apache.velocity.runtime.log.AvalonLogChute is not available (java.lang.NoClassDefFoundError: org/apache/log/format/Formatter).  Falling back to next log system...
2014-10-31 11:47:29,016 - Trying to use logger class org.apache.velocity.runtime.log.Log4JLogChute
2014-10-31 11:47:29,016 - Using logger class org.apache.velocity.runtime.log.Log4JLogChute
2014-10-31 11:47:29,016 - ResourceLoader instantiated: org.apache.velocity.runtime.resource.loader.FileResourceLoader
2014-10-31 11:47:29,016 - Do unicode file recognition:  false
2014-10-31 11:47:29,016 - FileResourceLoader : adding path '.'
2014-10-31 11:47:29,016 - ResourceLoader instantiated: org.apache.velocity.runtime.resource.loader.ClasspathResourceLoader
2014-10-31 11:47:29,016 - ResourceCache: initialized (class org.apache.velocity.runtime.resource.ResourceCacheImpl) with class java.util.Collections$SynchronizedMap cache map.
2014-10-31 11:47:29,016 - Loaded System Directive: org.apache.velocity.runtime.directive.Stop
2014-10-31 11:47:29,016 - Loaded System Directive: org.apache.velocity.runtime.directive.Define
2014-10-31 11:47:29,016 - Loaded System Directive: org.apache.velocity.runtime.directive.Break
2014-10-31 11:47:29,016 - Loaded System Directive: org.apache.velocity.runtime.directive.Evaluate
2014-10-31 11:47:29,016 - Loaded System Directive: org.apache.velocity.runtime.directive.Literal
2014-10-31 11:47:29,016 - Loaded System Directive: org.apache.velocity.runtime.directive.Macro
2014-10-31 11:47:29,016 - Loaded System Directive: org.apache.velocity.runtime.directive.Parse
2014-10-31 11:47:29,016 - Loaded System Directive: org.apache.velocity.runtime.directive.Include
2014-10-31 11:47:29,016 - Loaded System Directive: org.apache.velocity.runtime.directive.Foreach
2014-10-31 11:47:29,032 - Created '20' parsers.
2014-10-31 11:47:29,032 - Velocimacro : "velocimacro.library" is not set.  Trying default library: VM_global_library.vm
2014-10-31 11:47:29,032 - Could not load resource 'VM_global_library.vm' from ResourceLoader org.apache.velocity.runtime.resource.loader.ClasspathResourceLoader: ClasspathResourceLoader Error: cannot find resource VM_global_library.vm
2014-10-31 11:47:29,032 - Velocimacro : Default library not found.
2014-10-31 11:47:29,032 - Velocimacro : allowInline = true : VMs can be defined inline in templates
2014-10-31 11:47:29,032 - Velocimacro : allowInlineToOverride = false : VMs defined inline may NOT replace previous VM definitions
2014-10-31 11:47:29,032 - Velocimacro : allowInlineLocal = false : VMs defined inline will be global in scope if allowed.
2014-10-31 11:47:29,032 - Velocimacro : autoload off : VM system will not automatically reload global library macros
2014-10-31 11:47:29,047 - ResourceManager : found /templates/shape_song_header.vc with loader org.apache.velocity.runtime.resource.loader.ClasspathResourceLoader
2014-10-31 11:47:29,047 - ResourceManager : found /templates/shape_song_body.vc with loader org.apache.velocity.runtime.resource.loader.ClasspathResourceLoader
2014-10-31 11:47:29,063 - ResourceManager : found /templates/shape_song_header.vc with loader org.apache.velocity.runtime.resource.loader.ClasspathResourceLoader
2014-10-31 11:47:29,063 - ResourceManager : found /templates/shape_song_body.vc with loader org.apache.velocity.runtime.resource.loader.ClasspathResourceLoader
2014-10-31 11:47:29,079 - ResourceManager : found /templates/shape_song_header.vc with loader org.apache.velocity.runtime.resource.loader.ClasspathResourceLoader
2014-10-31 11:47:29,079 - ResourceManager : found /templates/shape_song_body.vc with loader org.apache.velocity.runtime.resource.loader.ClasspathResourceLoader
2014-10-31 11:47:29,094 - ResourceManager : found /templates/shape_song_header.vc with loader org.apache.velocity.runtime.resource.loader.ClasspathResourceLoader
2014-10-31 11:47:29,094 - ResourceManager : found /templates/shape_song_body.vc with loader org.apache.velocity.runtime.resource.loader.ClasspathResourceLoader
oader org.apache.velocity.runtime.resource.loader.ClasspathResourceLoader
2014-10-31 11:47:29,094 - ResourceManager : found /templates/shape_song_body.vc with loader org.apache.velocity.runtime.resource.loader.ClasspathResourceLoader
2014-10-31 11:49:10,950 - Log4JLogChute initialized using file 'velocity.log'
2014-10-31 11:49:10,950 - Initializing Velocity, Calling init()...
2014-10-31 11:49:10,950 - Starting Apache Velocity v1.7 (compiled: 2010-11-19 12:14:37)
2014-10-31 11:49:10,950 - Default Properties File: org\apache\velocity\runtime\defaults\velocity.properties
2014-10-31 11:49:10,950 - Trying to use logger class org.apache.velocity.runtime.log.AvalonLogChute
2014-10-31 11:49:10,950 - Target log system for org.apache.velocity.runtime.log.AvalonLogChute is not available (java.lang.NoClassDefFoundError: org/apache/log/format/Formatter).  Falling back to next log system...
2014-10-31 11:49:10,950 - Trying to use logger class org.apache.velocity.runtime.log.Log4JLogChute
2014-10-31 11:49:10,950 - Using logger class org.apache.velocity.runtime.log.Log4JLogChute
2014-10-31 11:49:10,965 - ResourceLoader instantiated: org.apache.velocity.runtime.resource.loader.FileResourceLoader
2014-10-31 11:49:10,965 - Do unicode file recognition:  false
2014-10-31 11:49:10,965 - FileResourceLoader : adding path '.'
2014-10-31 11:49:10,981 - ResourceCache: initialized (class org.apache.velocity.runtime.resource.ResourceCacheImpl) with class java.util.Collections$SynchronizedMap cache map.
2014-10-31 11:49:10,981 - Loaded System Directive: org.apache.velocity.runtime.directive.Stop
2014-10-31 11:49:10,981 - Loaded System Directive: org.apache.velocity.runtime.directive.Define
2014-10-31 11:49:10,981 - Loaded System Directive: org.apache.velocity.runtime.directive.Break
2014-10-31 11:49:10,981 - Loaded System Directive: org.apache.velocity.runtime.directive.Evaluate
2014-10-31 11:49:10,981 - Loaded System Directive: org.apache.velocity.runtime.directive.Literal
2014-10-31 11:49:10,981 - Loaded System Directive: org.apache.velocity.runtime.directive.Macro
2014-10-31 11:49:10,981 - Loaded System Directive: org.apache.velocity.runtime.directive.Parse
2014-10-31 11:49:10,981 - Loaded System Directive: org.apache.velocity.runtime.directive.Include
2014-10-31 11:49:10,996 - Loaded System Directive: org.apache.velocity.runtime.directive.Foreach
2014-10-31 11:49:11,043 - Created '20' parsers.
2014-10-31 11:49:11,043 - Velocimacro : "velocimacro.library" is not set.  Trying default library: VM_global_library.vm
2014-10-31 11:49:11,043 - Velocimacro : Default library not found.
2014-10-31 11:49:11,043 - Velocimacro : allowInline = true : VMs can be defined inline in templates
2014-10-31 11:49:11,043 - Velocimacro : allowInlineToOverride = false : VMs defined inline may NOT replace previous VM definitions
2014-10-31 11:49:11,043 - Velocimacro : allowInlineLocal = false : VMs defined inline will be global in scope if allowed.
2014-10-31 11:49:11,043 - Velocimacro : autoload off : VM system will not automatically reload global library macros
2014-10-31 11:49:11,090 - Log4JLogChute initialized using file 'velocity.log'
2014-10-31 11:49:11,090 - Log4JLogChute initialized using file 'velocity.log'
2014-10-31 11:49:11,090 - Initializing Velocity, Calling init()...
2014-10-31 11:49:11,090 - Initializing Velocity, Calling init()...
2014-10-31 11:49:11,090 - Starting Apache Velocity v1.7 (compiled: 2010-11-19 12:14:37)
2014-10-31 11:49:11,090 - Starting Apache Velocity v1.7 (compiled: 2010-11-19 12:14:37)
2014-10-31 11:49:11,090 - Default Properties File: org\apache\velocity\runtime\defaults\velocity.properties
2014-10-31 11:49:11,090 - Default Properties File: org\apache\velocity\runtime\defaults\velocity.properties
2014-10-31 11:49:11,090 - Trying to use logger class org.apache.velocity.runtime.log.AvalonLogChute
2014-10-31 11:49:11,090 - Trying to use logger class org.apache.velocity.runtime.log.AvalonLogChute
2014-10-31 11:49:11,090 - Target log system for org.apache.velocity.runtime.log.AvalonLogChute is not available (java.lang.NoClassDefFoundError: org/apache/log/format/Formatter).  Falling back to next log system...
2014-10-31 11:49:11,090 - Target log system for org.apache.velocity.runtime.log.AvalonLogChute is not available (java.lang.NoClassDefFoundError: org/apache/log/format/Formatter).  Falling back to next log system...
2014-10-31 11:49:11,090 - Trying to use logger class org.apache.velocity.runtime.log.Log4JLogChute
2014-10-31 11:49:11,090 - Trying to use logger class org.apache.velocity.runtime.log.Log4JLogChute
2014-10-31 11:49:11,090 - Using logger class org.apache.velocity.runtime.log.Log4JLogChute
2014-10-31 11:49:11,090 - Using logger class org.apache.velocity.runtime.log.Log4JLogChute
2014-10-31 11:49:11,090 - ResourceLoader instantiated: org.apache.velocity.runtime.resource.loader.FileResourceLoader
2014-10-31 11:49:11,090 - ResourceLoader instantiated: org.apache.velocity.runtime.resource.loader.FileResourceLoader
2014-10-31 11:49:11,090 - Do unicode file recognition:  false
2014-10-31 11:49:11,090 - Do unicode file recognition:  false
2014-10-31 11:49:11,090 - FileResourceLoader : adding path '.'
2014-10-31 11:49:11,090 - FileResourceLoader : adding path '.'
2014-10-31 11:49:11,090 - ResourceLoader instantiated: org.apache.velocity.runtime.resource.loader.ClasspathResourceLoader
2014-10-31 11:49:11,090 - ResourceLoader instantiated: org.apache.velocity.runtime.resource.loader.ClasspathResourceLoader
2014-10-31 11:49:11,090 - ResourceCache: initialized (class org.apache.velocity.runtime.resource.ResourceCacheImpl) with class java.util.Collections$SynchronizedMap cache map.
2014-10-31 11:49:11,090 - ResourceCache: initialized (class org.apache.velocity.runtime.resource.ResourceCacheImpl) with class java.util.Collections$SynchronizedMap cache map.
2014-10-31 11:49:11,090 - Loaded System Directive: org.apache.velocity.runtime.directive.Stop
2014-10-31 11:49:11,090 - Loaded System Directive: org.apache.velocity.runtime.directive.Stop
2014-10-31 11:49:11,090 - Loaded System Directive: org.apache.velocity.runtime.directive.Define
2014-10-31 11:49:11,090 - Loaded System Directive: org.apache.velocity.runtime.directive.Define
2014-10-31 11:49:11,090 - Loaded System Directive: org.apache.velocity.runtime.directive.Break
2014-10-31 11:49:11,090 - Loaded System Directive: org.apache.velocity.runtime.directive.Break
2014-10-31 11:49:11,090 - Loaded System Directive: org.apache.velocity.runtime.directive.Evaluate
2014-10-31 11:49:11,090 - Loaded System Directive: org.apache.velocity.runtime.directive.Evaluate
2014-10-31 11:49:11,090 - Loaded System Directive: org.apache.velocity.runtime.directive.Literal
2014-10-31 11:49:11,090 - Loaded System Directive: org.apache.velocity.runtime.directive.Literal
2014-10-31 11:49:11,090 - Loaded System Directive: org.apache.velocity.runtime.directive.Macro
2014-10-31 11:49:11,090 - Loaded System Directive: org.apache.velocity.runtime.directive.Macro
2014-10-31 11:49:11,090 - Loaded System Directive: org.apache.velocity.runtime.directive.Parse
2014-10-31 11:49:11,090 - Loaded System Directive: org.apache.velocity.runtime.directive.Parse
2014-10-31 11:49:11,090 - Loaded System Directive: org.apache.velocity.runtime.directive.Include
2014-10-31 11:49:11,090 - Loaded System Directive: org.apache.velocity.runtime.directive.Include
2014-10-31 11:49:11,090 - Loaded System Directive: org.apache.velocity.runtime.directive.Foreach
2014-10-31 11:49:11,090 - Loaded System Directive: org.apache.velocity.runtime.directive.Foreach
2014-10-31 11:49:11,090 - Created '20' parsers.
2014-10-31 11:49:11,090 - Created '20' parsers.
2014-10-31 11:49:11,090 - Velocimacro : "velocimacro.library" is not set.  Trying default library: VM_global_library.vm
2014-10-31 11:49:11,090 - Velocimacro : "velocimacro.library" is not set.  Trying default library: VM_global_library.vm
2014-10-31 11:49:11,090 - Could not load resource 'VM_global_library.vm' from ResourceLoader org.apache.velocity.runtime.resource.loader.ClasspathResourceLoader: ClasspathResourceLoader Error: cannot find resource VM_global_library.vm
2014-10-31 11:49:11,090 - Could not load resource 'VM_global_library.vm' from ResourceLoader org.apache.velocity.runtime.resource.loader.ClasspathResourceLoader: ClasspathResourceLoader Error: cannot find resource VM_global_library.vm
2014-10-31 11:49:11,090 - Velocimacro : Default library not found.
2014-10-31 11:49:11,090 - Velocimacro : Default library not found.
2014-10-31 11:49:11,090 - Velocimacro : allowInline = true : VMs can be defined inline in templates
2014-10-31 11:49:11,090 - Velocimacro : allowInline = true : VMs can be defined inline in templates
2014-10-31 11:49:11,090 - Velocimacro : allowInlineToOverride = false : VMs defined inline may NOT replace previous VM definitions
2014-10-31 11:49:11,090 - Velocimacro : allowInlineToOverride = false : VMs defined inline may NOT replace previous VM definitions
2014-10-31 11:49:11,090 - Velocimacro : allowInlineLocal = false : VMs defined inline will be global in scope if allowed.
2014-10-31 11:49:11,090 - Velocimacro : allowInlineLocal = false : VMs defined inline will be global in scope if allowed.
2014-10-31 11:49:11,090 - Velocimacro : autoload off : VM system will not automatically reload global library macros
2014-10-31 11:49:11,090 - Velocimacro : autoload off : VM system will not automatically reload global library macros
2014-10-31 11:49:11,106 - ResourceManager : found /templates/shape_song_header.vc with loader org.apache.velocity.runtime.resource.loader.ClasspathResourceLoader
2014-10-31 11:49:11,106 - ResourceManager : found /templates/shape_song_header.vc with loader org.apache.velocity.runtime.resource.loader.ClasspathResourceLoader
2014-10-31 11:49:11,121 - ResourceManager : found /templates/shape_song_body.vc with loader org.apache.velocity.runtime.resource.loader.ClasspathResourceLoader
2014-10-31 11:49:11,121 - ResourceManager : found /templates/shape_song_body.vc with loader org.apache.velocity.runtime.resource.loader.ClasspathResourceLoader
2014-10-31 11:49:11,121 - ResourceManager : found /templates/shape_song_header.vc with loader org.apache.velocity.runtime.resource.loader.ClasspathResourceLoader
2014-10-31 11:49:11,121 - ResourceManager : found /templates/shape_song_header.vc with loader org.apache.velocity.runtime.resource.loader.ClasspathResourceLoader
2014-10-31 11:49:11,137 - ResourceManager : found /templates/shape_song_body.vc with loader org.apache.velocity.runtime.resource.loader.ClasspathResourceLoader
2014-10-31 11:49:11,137 - ResourceManager : found /templates/shape_song_body.vc with loader org.apache.velocity.runtime.resource.loader.ClasspathResourceLoader
2014-10-31 11:49:11,137 - ResourceManager : found /templates/shape_song_header.vc with loader org.apache.velocity.runtime.resource.loader.ClasspathResourceLoader
2014-10-31 11:49:11,137 - ResourceManager : found /templates/shape_song_header.vc with loader org.apache.velocity.runtime.resource.loader.ClasspathResourceLoader
2014-10-31 11:49:11,152 - ResourceManager : found /templates/shape_song_body.vc with loader org.apache.velocity.runtime.resource.loader.ClasspathResourceLoader
2014-10-31 11:49:11,152 - ResourceManager : found /templates/shape_song_body.vc with loader org.apache.velocity.runtime.resource.loader.ClasspathResourceLoader
2014-10-31 11:49:11,152 - ResourceManager : found /templates/shape_song_header.vc with loader org.apache.velocity.runtime.resource.loader.ClasspathResourceLoader
2014-10-31 11:49:11,152 - ResourceManager : found /templates/shape_song_header.vc with loader org.apache.velocity.runtime.resource.loader.ClasspathResourceLoader
2014-10-31 11:49:11,152 - ResourceManager : found /templates/shape_song_body.vc with loader org.apache.velocity.runtime.resource.loader.ClasspathResourceLoader
2014-10-31 11:49:11,152 - ResourceManager : found /templates/shape_song_body.vc with loader org.apache.velocity.runtime.resource.loader.ClasspathResourceLoader
2014-10-31 12:10:40,199 - Log4JLogChute initialized using file 'velocity.log'
2014-10-31 12:10:40,199 - Initializing Velocity, Calling init()...
2014-10-31 12:10:40,199 - Starting Apache Velocity v1.7 (compiled: 2010-11-19 12:14:37)
2014-10-31 12:10:40,199 - Default Properties File: org\apache\velocity\runtime\defaults\velocity.properties
2014-10-31 12:10:40,199 - Trying to use logger class org.apache.velocity.runtime.log.AvalonLogChute
2014-10-31 12:10:40,199 - Target log system for org.apache.velocity.runtime.log.AvalonLogChute is not available (java.lang.NoClassDefFoundError: org/apache/log/format/Formatter).  Falling back to next log system...
2014-10-31 12:10:40,199 - Trying to use logger class org.apache.velocity.runtime.log.Log4JLogChute
2014-10-31 12:10:40,199 - Using logger class org.apache.velocity.runtime.log.Log4JLogChute
2014-10-31 12:10:40,199 - ResourceLoader instantiated: org.apache.velocity.runtime.resource.loader.FileResourceLoader
2014-10-31 12:10:40,199 - Do unicode file recognition:  false
2014-10-31 12:10:40,199 - FileResourceLoader : adding path '.'
2014-10-31 12:10:40,215 - ResourceCache: initialized (class org.apache.velocity.runtime.resource.ResourceCacheImpl) with class java.util.Collections$SynchronizedMap cache map.
2014-10-31 12:10:40,215 - Loaded System Directive: org.apache.velocity.runtime.directive.Stop
2014-10-31 12:10:40,215 - Loaded System Directive: org.apache.velocity.runtime.directive.Define
2014-10-31 12:10:40,215 - Loaded System Directive: org.apache.velocity.runtime.directive.Break
2014-10-31 12:10:40,215 - Loaded System Directive: org.apache.velocity.runtime.directive.Evaluate
2014-10-31 12:10:40,215 - Loaded System Directive: org.apache.velocity.runtime.directive.Literal
2014-10-31 12:10:40,215 - Loaded System Directive: org.apache.velocity.runtime.directive.Macro
2014-10-31 12:10:40,215 - Loaded System Directive: org.apache.velocity.runtime.directive.Parse
2014-10-31 12:10:40,230 - Loaded System Directive: org.apache.velocity.runtime.directive.Include
2014-10-31 12:10:40,230 - Loaded System Directive: org.apache.velocity.runtime.directive.Foreach
2014-10-31 12:10:40,277 - Created '20' parsers.
2014-10-31 12:10:40,277 - Velocimacro : "velocimacro.library" is not set.  Trying default library: VM_global_library.vm
2014-10-31 12:10:40,277 - Velocimacro : Default library not found.
2014-10-31 12:10:40,277 - Velocimacro : allowInline = true : VMs can be defined inline in templates
2014-10-31 12:10:40,277 - Velocimacro : allowInlineToOverride = false : VMs defined inline may NOT replace previous VM definitions
2014-10-31 12:10:40,277 - Velocimacro : allowInlineLocal = false : VMs defined inline will be global in scope if allowed.
2014-10-31 12:10:40,277 - Velocimacro : autoload off : VM system will not automatically reload global library macros
2014-10-31 12:10:40,324 - Log4JLogChute initialized using file 'velocity.log'
2014-10-31 12:10:40,324 - Log4JLogChute initialized using file 'velocity.log'
2014-10-31 12:10:40,324 - Initializing Velocity, Calling init()...
2014-10-31 12:10:40,324 - Initializing Velocity, Calling init()...
2014-10-31 12:10:40,324 - Starting Apache Velocity v1.7 (compiled: 2010-11-19 12:14:37)
2014-10-31 12:10:40,324 - Starting Apache Velocity v1.7 (compiled: 2010-11-19 12:14:37)
2014-10-31 12:10:40,324 - Default Properties File: org\apache\velocity\runtime\defaults\velocity.properties
2014-10-31 12:10:40,324 - Default Properties File: org\apache\velocity\runtime\defaults\velocity.properties
2014-10-31 12:10:40,324 - Trying to use logger class org.apache.velocity.runtime.log.AvalonLogChute
2014-10-31 12:10:40,324 - Trying to use logger class org.apache.velocity.runtime.log.AvalonLogChute
2014-10-31 12:10:40,324 - Target log system for org.apache.velocity.runtime.log.AvalonLogChute is not available (java.lang.NoClassDefFoundError: org/apache/log/format/Formatter).  Falling back to next log system...
2014-10-31 12:10:40,324 - Target log system for org.apache.velocity.runtime.log.AvalonLogChute is not available (java.lang.NoClassDefFoundError: org/apache/log/format/Formatter).  Falling back to next log system...
2014-10-31 12:10:40,324 - Trying to use logger class org.apache.velocity.runtime.log.Log4JLogChute
2014-10-31 12:10:40,324 - Trying to use logger class org.apache.velocity.runtime.log.Log4JLogChute
2014-10-31 12:10:40,324 - Using logger class org.apache.velocity.runtime.log.Log4JLogChute
2014-10-31 12:10:40,324 - Using logger class org.apache.velocity.runtime.log.Log4JLogChute
2014-10-31 12:10:40,324 - ResourceLoader instantiated: org.apache.velocity.runtime.resource.loader.FileResourceLoader
2014-10-31 12:10:40,324 - ResourceLoader instantiated: org.apache.velocity.runtime.resource.loader.FileResourceLoader
2014-10-31 12:10:40,324 - Do unicode file recognition:  false
2014-10-31 12:10:40,324 - Do unicode file recognition:  false
2014-10-31 12:10:40,324 - FileResourceLoader : adding path '.'
2014-10-31 12:10:40,324 - FileResourceLoader : adding path '.'
2014-10-31 12:10:40,324 - ResourceLoader instantiated: org.apache.velocity.runtime.resource.loader.ClasspathResourceLoader
2014-10-31 12:10:40,324 - ResourceLoader instantiated: org.apache.velocity.runtime.resource.loader.ClasspathResourceLoader
2014-10-31 12:10:40,324 - ResourceCache: initialized (class org.apache.velocity.runtime.resource.ResourceCacheImpl) with class java.util.Collections$SynchronizedMap cache map.
2014-10-31 12:10:40,324 - ResourceCache: initialized (class org.apache.velocity.runtime.resource.ResourceCacheImpl) with class java.util.Collections$SynchronizedMap cache map.
2014-10-31 12:10:40,324 - Loaded System Directive: org.apache.velocity.runtime.directive.Stop
2014-10-31 12:10:40,324 - Loaded System Directive: org.apache.velocity.runtime.directive.Stop
2014-10-31 12:10:40,324 - Loaded System Directive: org.apache.velocity.runtime.directive.Define
2014-10-31 12:10:40,324 - Loaded System Directive: org.apache.velocity.runtime.directive.Define
2014-10-31 12:10:40,324 - Loaded System Directive: org.apache.velocity.runtime.directive.Break
2014-10-31 12:10:40,324 - Loaded System Directive: org.apache.velocity.runtime.directive.Break
2014-10-31 12:10:40,324 - Loaded System Directive: org.apache.velocity.runtime.directive.Evaluate
2014-10-31 12:10:40,324 - Loaded System Directive: org.apache.velocity.runtime.directive.Evaluate
2014-10-31 12:10:40,324 - Loaded System Directive: org.apache.velocity.runtime.directive.Literal
2014-10-31 12:10:40,324 - Loaded System Directive: org.apache.velocity.runtime.directive.Literal
2014-10-31 12:10:40,324 - Loaded System Directive: org.apache.velocity.runtime.directive.Macro
2014-10-31 12:10:40,324 - Loaded System Directive: org.apache.velocity.runtime.directive.Macro
2014-10-31 12:10:40,324 - Loaded System Directive: org.apache.velocity.runtime.directive.Parse
2014-10-31 12:10:40,324 - Loaded System Directive: org.apache.velocity.runtime.directive.Parse
2014-10-31 12:10:40,324 - Loaded System Directive: org.apache.velocity.runtime.directive.Include
2014-10-31 12:10:40,324 - Loaded System Directive: org.apache.velocity.runtime.directive.Include
2014-10-31 12:10:40,324 - Loaded System Directive: org.apache.velocity.runtime.directive.Foreach
2014-10-31 12:10:40,324 - Loaded System Directive: org.apache.velocity.runtime.directive.Foreach
2014-10-31 12:10:40,324 - Created '20' parsers.
2014-10-31 12:10:40,324 - Created '20' parsers.
2014-10-31 12:10:40,324 - Velocimacro : "velocimacro.library" is not set.  Trying default library: VM_global_library.vm
2014-10-31 12:10:40,324 - Velocimacro : "velocimacro.library" is not set.  Trying default library: VM_global_library.vm
2014-10-31 12:10:40,324 - Could not load resource 'VM_global_library.vm' from ResourceLoader org.apache.velocity.runtime.resource.loader.ClasspathResourceLoader: ClasspathResourceLoader Error: cannot find resource VM_global_library.vm
2014-10-31 12:10:40,324 - Could not load resource 'VM_global_library.vm' from ResourceLoader org.apache.velocity.runtime.resource.loader.ClasspathResourceLoader: ClasspathResourceLoader Error: cannot find resource VM_global_library.vm
2014-10-31 12:10:40,324 - Velocimacro : Default library not found.
2014-10-31 12:10:40,324 - Velocimacro : Default library not found.
2014-10-31 12:10:40,324 - Velocimacro : allowInline = true : VMs can be defined inline in templates
2014-10-31 12:10:40,324 - Velocimacro : allowInline = true : VMs can be defined inline in templates
2014-10-31 12:10:40,324 - Velocimacro : allowInlineToOverride = false : VMs defined inline may NOT replace previous VM definitions
2014-10-31 12:10:40,324 - Velocimacro : allowInlineToOverride = false : VMs defined inline may NOT replace previous VM definitions
2014-10-31 12:10:40,324 - Velocimacro : allowInlineLocal = false : VMs defined inline will be global in scope if allowed.
2014-10-31 12:10:40,324 - Velocimacro : allowInlineLocal = false : VMs defined inline will be global in scope if allowed.
2014-10-31 12:10:40,324 - Velocimacro : autoload off : VM system will not automatically reload global library macros
2014-10-31 12:10:40,324 - Velocimacro : autoload off : VM system will not automatically reload global library macros
2014-10-31 12:10:40,339 - ResourceManager : found /templates/shape_song_header.vc with loader org.apache.velocity.runtime.resource.loader.ClasspathResourceLoader
2014-10-31 12:10:40,339 - ResourceManager : found /templates/shape_song_header.vc with loader org.apache.velocity.runtime.resource.loader.ClasspathResourceLoader
2014-10-31 12:10:40,371 - ResourceManager : found /templates/shape_song_body.vc with loader org.apache.velocity.runtime.resource.loader.ClasspathResourceLoader
2014-10-31 12:10:40,371 - ResourceManager : found /templates/shape_song_body.vc with loader org.apache.velocity.runtime.resource.loader.ClasspathResourceLoader
2014-10-31 12:10:40,386 - ResourceManager : found /templates/shape_song_header.vc with loader org.apache.velocity.runtime.resource.loader.ClasspathResourceLoader
2014-10-31 12:10:40,386 - ResourceManager : found /templates/shape_song_header.vc with loader org.apache.velocity.runtime.resource.loader.ClasspathResourceLoader
2014-10-31 12:10:40,386 - ResourceManager : found /templates/shape_song_body.vc with loader org.apache.velocity.runtime.resource.loader.ClasspathResourceLoader
2014-10-31 12:10:40,386 - ResourceManager : found /templates/shape_song_body.vc with loader org.apache.velocity.runtime.resource.loader.ClasspathResourceLoader
2014-10-31 12:10:40,402 - ResourceManager : found /templates/shape_song_header.vc with loader org.apache.velocity.runtime.resource.loader.ClasspathResourceLoader
2014-10-31 12:10:40,402 - ResourceManager : found /templates/shape_song_header.vc with loader org.apache.velocity.runtime.resource.loader.ClasspathResourceLoader
2014-10-31 12:10:40,402 - ResourceManager : found /templates/shape_song_body.vc with loader org.apache.velocity.runtime.resource.loader.ClasspathResourceLoader
2014-10-31 12:10:40,402 - ResourceManager : found /templates/shape_song_body.vc with loader org.apache.velocity.runtime.resource.loader.ClasspathResourceLoader
2014-10-31 12:10:40,402 - ResourceManager : found /templates/shape_song_header.vc with loader org.apache.velocity.runtime.resource.loader.ClasspathResourceLoader
2014-10-31 12:10:40,402 - ResourceManager : found /templates/shape_song_header.vc with loader org.apache.velocity.runtime.resource.loader.ClasspathResourceLoader
2014-10-31 12:10:40,417 - ResourceManager : found /templates/shape_song_body.vc with loader org.apache.velocity.runtime.resource.loader.ClasspathResourceLoader
2014-10-31 12:10:40,417 - ResourceManager : found /templates/shape_song_body.vc with loader org.apache.velocity.runtime.resource.loader.ClasspathResourceLoader
2014-10-31 12:23:01,468 - Log4JLogChute initialized using file 'velocity.log'
2014-10-31 12:23:01,468 - Initializing Velocity, Calling init()...
2014-10-31 12:23:01,468 - Starting Apache Velocity v1.7 (compiled: 2010-11-19 12:14:37)
2014-10-31 12:23:01,468 - Default Properties File: org\apache\velocity\runtime\defaults\velocity.properties
2014-10-31 12:23:01,468 - Trying to use logger class org.apache.velocity.runtime.log.AvalonLogChute
2014-10-31 12:23:01,468 - Target log system for org.apache.velocity.runtime.log.AvalonLogChute is not available (java.lang.NoClassDefFoundError: org/apache/log/format/Formatter).  Falling back to next log system...
2014-10-31 12:23:01,468 - Trying to use logger class org.apache.velocity.runtime.log.Log4JLogChute
2014-10-31 12:23:01,468 - Using logger class org.apache.velocity.runtime.log.Log4JLogChute
2014-10-31 12:23:01,468 - ResourceLoader instantiated: org.apache.velocity.runtime.resource.loader.FileResourceLoader
2014-10-31 12:23:01,468 - Do unicode file recognition:  false
2014-10-31 12:23:01,468 - FileResourceLoader : adding path '.'
2014-10-31 12:23:01,484 - ResourceCache: initialized (class org.apache.velocity.runtime.resource.ResourceCacheImpl) with class java.util.Collections$SynchronizedMap cache map.
2014-10-31 12:23:01,484 - Loaded System Directive: org.apache.velocity.runtime.directive.Stop
2014-10-31 12:23:01,484 - Loaded System Directive: org.apache.velocity.runtime.directive.Define
2014-10-31 12:23:01,484 - Loaded System Directive: org.apache.velocity.runtime.directive.Break
2014-10-31 12:23:01,484 - Loaded System Directive: org.apache.velocity.runtime.directive.Evaluate
2014-10-31 12:23:01,484 - Loaded System Directive: org.apache.velocity.runtime.directive.Literal
2014-10-31 12:23:01,484 - Loaded System Directive: org.apache.velocity.runtime.directive.Macro
2014-10-31 12:23:01,484 - Loaded System Directive: org.apache.velocity.runtime.directive.Parse
2014-10-31 12:23:01,484 - Loaded System Directive: org.apache.velocity.runtime.directive.Include
2014-10-31 12:23:01,484 - Loaded System Directive: org.apache.velocity.runtime.directive.Foreach
2014-10-31 12:23:01,515 - Created '20' parsers.
2014-10-31 12:23:01,531 - Velocimacro : "velocimacro.library" is not set.  Trying default library: VM_global_library.vm
2014-10-31 12:23:01,531 - Velocimacro : Default library not found.
2014-10-31 12:23:01,531 - Velocimacro : allowInline = true : VMs can be defined inline in templates
2014-10-31 12:23:01,531 - Velocimacro : allowInlineToOverride = false : VMs defined inline may NOT replace previous VM definitions
2014-10-31 12:23:01,531 - Velocimacro : allowInlineLocal = false : VMs defined inline will be global in scope if allowed.
2014-10-31 12:23:01,531 - Velocimacro : autoload off : VM system will not automatically reload global library macros
2014-10-31 12:23:01,546 - Log4JLogChute initialized using file 'velocity.log'
2014-10-31 12:23:01,546 - Log4JLogChute initialized using file 'velocity.log'
2014-10-31 12:23:01,546 - Initializing Velocity, Calling init()...
2014-10-31 12:23:01,546 - Initializing Velocity, Calling init()...
2014-10-31 12:23:01,546 - Starting Apache Velocity v1.7 (compiled: 2010-11-19 12:14:37)
2014-10-31 12:23:01,546 - Starting Apache Velocity v1.7 (compiled: 2010-11-19 12:14:37)
2014-10-31 12:23:01,546 - Default Properties File: org\apache\velocity\runtime\defaults\velocity.properties
2014-10-31 12:23:01,546 - Default Properties File: org\apache\velocity\runtime\defaults\velocity.properties
2014-10-31 12:23:01,546 - Trying to use logger class org.apache.velocity.runtime.log.AvalonLogChute
2014-10-31 12:23:01,546 - Trying to use logger class org.apache.velocity.runtime.log.AvalonLogChute
2014-10-31 12:23:01,546 - Target log system for org.apache.velocity.runtime.log.AvalonLogChute is not available (java.lang.NoClassDefFoundError: org/apache/log/format/Formatter).  Falling back to next log system...
2014-10-31 12:23:01,546 - Target log system for org.apache.velocity.runtime.log.AvalonLogChute is not available (java.lang.NoClassDefFoundError: org/apache/log/format/Formatter).  Falling back to next log system...
2014-10-31 12:23:01,546 - Trying to use logger class org.apache.velocity.runtime.log.Log4JLogChute
2014-10-31 12:23:01,546 - Trying to use logger class org.apache.velocity.runtime.log.Log4JLogChute
2014-10-31 12:23:01,546 - Using logger class org.apache.velocity.runtime.log.Log4JLogChute
2014-10-31 12:23:01,546 - Using logger class org.apache.velocity.runtime.log.Log4JLogChute
2014-10-31 12:23:01,546 - ResourceLoader instantiated: org.apache.velocity.runtime.resource.loader.FileResourceLoader
2014-10-31 12:23:01,546 - ResourceLoader instantiated: org.apache.velocity.runtime.resource.loader.FileResourceLoader
2014-10-31 12:23:01,546 - Do unicode file recognition:  false
2014-10-31 12:23:01,546 - Do unicode file recognition:  false
2014-10-31 12:23:01,546 - FileResourceLoader : adding path '.'
2014-10-31 12:23:01,546 - FileResourceLoader : adding path '.'
2014-10-31 12:23:01,562 - ResourceLoader instantiated: org.apache.velocity.runtime.resource.loader.ClasspathResourceLoader
2014-10-31 12:23:01,562 - ResourceLoader instantiated: org.apache.velocity.runtime.resource.loader.ClasspathResourceLoader
2014-10-31 12:23:01,562 - ResourceCache: initialized (class org.apache.velocity.runtime.resource.ResourceCacheImpl) with class java.util.Collections$SynchronizedMap cache map.
2014-10-31 12:23:01,562 - ResourceCache: initialized (class org.apache.velocity.runtime.resource.ResourceCacheImpl) with class java.util.Collections$SynchronizedMap cache map.
2014-10-31 12:23:01,562 - Loaded System Directive: org.apache.velocity.runtime.directive.Stop
2014-10-31 12:23:01,562 - Loaded System Directive: org.apache.velocity.runtime.directive.Stop
2014-10-31 12:23:01,562 - Loaded System Directive: org.apache.velocity.runtime.directive.Define
2014-10-31 12:23:01,562 - Loaded System Directive: org.apache.velocity.runtime.directive.Define
2014-10-31 12:23:01,562 - Loaded System Directive: org.apache.velocity.runtime.directive.Break
2014-10-31 12:23:01,562 - Loaded System Directive: org.apache.velocity.runtime.directive.Break
2014-10-31 12:23:01,562 - Loaded System Directive: org.apache.velocity.runtime.directive.Evaluate
2014-10-31 12:23:01,562 - Loaded System Directive: org.apache.velocity.runtime.directive.Evaluate
2014-10-31 12:23:01,562 - Loaded System Directive: org.apache.velocity.runtime.directive.Literal
2014-10-31 12:23:01,562 - Loaded System Directive: org.apache.velocity.runtime.directive.Literal
2014-10-31 12:23:01,562 - Loaded System Directive: org.apache.velocity.runtime.directive.Macro
2014-10-31 12:23:01,562 - Loaded System Directive: org.apache.velocity.runtime.directive.Macro
2014-10-31 12:23:01,562 - Loaded System Directive: org.apache.velocity.runtime.directive.Parse
2014-10-31 12:23:01,562 - Loaded System Directive: org.apache.velocity.runtime.directive.Parse
2014-10-31 12:23:01,562 - Loaded System Directive: org.apache.velocity.runtime.directive.Include
2014-10-31 12:23:01,562 - Loaded System Directive: org.apache.velocity.runtime.directive.Include
2014-10-31 12:23:01,562 - Loaded System Directive: org.apache.velocity.runtime.directive.Foreach
2014-10-31 12:23:01,562 - Loaded System Directive: org.apache.velocity.runtime.directive.Foreach
2014-10-31 12:23:01,562 - Created '20' parsers.
2014-10-31 12:23:01,562 - Created '20' parsers.
2014-10-31 12:23:01,562 - Velocimacro : "velocimacro.library" is not set.  Trying default library: VM_global_library.vm
2014-10-31 12:23:01,562 - Velocimacro : "velocimacro.library" is not set.  Trying default library: VM_global_library.vm
2014-10-31 12:23:01,562 - Could not load resource 'VM_global_library.vm' from ResourceLoader org.apache.velocity.runtime.resource.loader.ClasspathResourceLoader: ClasspathResourceLoader Error: cannot find resource VM_global_library.vm
2014-10-31 12:23:01,562 - Could not load resource 'VM_global_library.vm' from ResourceLoader org.apache.velocity.runtime.resource.loader.ClasspathResourceLoader: ClasspathResourceLoader Error: cannot find resource VM_global_library.vm
2014-10-31 12:23:01,562 - Velocimacro : Default library not found.
2014-10-31 12:23:01,562 - Velocimacro : Default library not found.
2014-10-31 12:23:01,562 - Velocimacro : allowInline = true : VMs can be defined inline in templates
2014-10-31 12:23:01,562 - Velocimacro : allowInline = true : VMs can be defined inline in templates
2014-10-31 12:23:01,562 - Velocimacro : allowInlineToOverride = false : VMs defined inline may NOT replace previous VM definitions
2014-10-31 12:23:01,562 - Velocimacro : allowInlineToOverride = false : VMs defined inline may NOT replace previous VM definitions
2014-10-31 12:23:01,562 - Velocimacro : allowInlineLocal = false : VMs defined inline will be global in scope if allowed.
2014-10-31 12:23:01,562 - Velocimacro : allowInlineLocal = false : VMs defined inline will be global in scope if allowed.
2014-10-31 12:23:01,562 - Velocimacro : autoload off : VM system will not automatically reload global library macros
2014-10-31 12:23:01,562 - Velocimacro : autoload off : VM system will not automatically reload global library macros
2014-10-31 12:23:01,562 - ResourceManager : found /templates/shape_song_header.vc with loader org.apache.velocity.runtime.resource.loader.ClasspathResourceLoader
2014-10-31 12:23:01,562 - ResourceManager : found /templates/shape_song_header.vc with loader org.apache.velocity.runtime.resource.loader.ClasspathResourceLoader
2014-10-31 12:23:01,577 - ResourceManager : found /templates/shape_song_body.vc with loader org.apache.velocity.runtime.resource.loader.ClasspathResourceLoader
2014-10-31 12:23:01,577 - ResourceManager : found /templates/shape_song_body.vc with loader org.apache.velocity.runtime.resource.loader.ClasspathResourceLoader
2014-10-31 12:23:01,577 - ResourceManager : found /templates/shape_song_header.vc with loader org.apache.velocity.runtime.resource.loader.ClasspathResourceLoader
2014-10-31 12:23:01,577 - ResourceManager : found /templates/shape_song_header.vc with loader org.apache.velocity.runtime.resource.loader.ClasspathResourceLoader
2014-10-31 12:23:01,593 - ResourceManager : found /templates/shape_song_body.vc with loader org.apache.velocity.runtime.resource.loader.ClasspathResourceLoader
2014-10-31 12:23:01,593 - ResourceManager : found /templates/shape_song_body.vc with loader org.apache.velocity.runtime.resource.loader.ClasspathResourceLoader
2014-10-31 12:23:01,593 - ResourceManager : found /templates/shape_song_header.vc with loader org.apache.velocity.runtime.resource.loader.ClasspathResourceLoader
2014-10-31 12:23:01,593 - ResourceManager : found /templates/shape_song_header.vc with loader org.apache.velocity.runtime.resource.loader.ClasspathResourceLoader
2014-10-31 12:23:01,593 - ResourceManager : found /templates/shape_song_body.vc with loader org.apache.velocity.runtime.resource.loader.ClasspathResourceLoader
2014-10-31 12:23:01,593 - ResourceManager : found /templates/shape_song_body.vc with loader org.apache.velocity.runtime.resource.loader.ClasspathResourceLoader
2014-10-31 12:23:01,609 - ResourceManager : found /templates/shape_song_header.vc with loader org.apache.velocity.runtime.resource.loader.ClasspathResourceLoader
2014-10-31 12:23:01,609 - ResourceManager : found /templates/shape_song_header.vc with loader org.apache.velocity.runtime.resource.loader.ClasspathResourceLoader
2014-10-31 12:23:01,609 - ResourceManager : found /templates/shape_song_body.vc with loader org.apache.velocity.runtime.resource.loader.ClasspathResourceLoader
2014-10-31 12:23:01,609 - ResourceManager : found /templates/shape_song_body.vc with loader org.apache.velocity.runtime.resource.loader.ClasspathResourceLoader
2014-10-31 12:23:19,895 - Log4JLogChute initialized using file 'velocity.log'
2014-10-31 12:23:19,895 - Initializing Velocity, Calling init()...
2014-10-31 12:23:19,895 - Starting Apache Velocity v1.7 (compiled: 2010-11-19 12:14:37)
2014-10-31 12:23:19,895 - Default Properties File: org\apache\velocity\runtime\defaults\velocity.properties
2014-10-31 12:23:19,895 - Trying to use logger class org.apache.velocity.runtime.log.AvalonLogChute
2014-10-31 12:23:19,895 - Target log system for org.apache.velocity.runtime.log.AvalonLogChute is not available (java.lang.NoClassDefFoundError: org/apache/log/format/Formatter).  Falling back to next log system...
2014-10-31 12:23:19,895 - Trying to use logger class org.apache.velocity.runtime.log.Log4JLogChute
2014-10-31 12:23:19,895 - Using logger class org.apache.velocity.runtime.log.Log4JLogChute
2014-10-31 12:23:19,910 - ResourceLoader instantiated: org.apache.velocity.runtime.resource.loader.FileResourceLoader
2014-10-31 12:23:19,910 - Do unicode file recognition:  false
2014-10-31 12:23:19,910 - FileResourceLoader : adding path '.'
2014-10-31 12:23:19,910 - ResourceCache: initialized (class org.apache.velocity.runtime.resource.ResourceCacheImpl) with class java.util.Collections$SynchronizedMap cache map.
2014-10-31 12:23:19,910 - Loaded System Directive: org.apache.velocity.runtime.directive.Stop
2014-10-31 12:23:19,910 - Loaded System Directive: org.apache.velocity.runtime.directive.Define
2014-10-31 12:23:19,910 - Loaded System Directive: org.apache.velocity.runtime.directive.Break
2014-10-31 12:23:19,926 - Loaded System Directive: org.apache.velocity.runtime.directive.Evaluate
2014-10-31 12:23:19,926 - Loaded System Directive: org.apache.velocity.runtime.directive.Literal
2014-10-31 12:23:19,926 - Loaded System Directive: org.apache.velocity.runtime.directive.Macro
2014-10-31 12:23:19,926 - Loaded System Directive: org.apache.velocity.runtime.directive.Parse
2014-10-31 12:23:19,926 - Loaded System Directive: org.apache.velocity.runtime.directive.Include
2014-10-31 12:23:19,926 - Loaded System Directive: org.apache.velocity.runtime.directive.Foreach
2014-10-31 12:23:19,957 - Created '20' parsers.
2014-10-31 12:23:19,957 - Velocimacro : "velocimacro.library" is not set.  Trying default library: VM_global_library.vm
2014-10-31 12:23:19,957 - Velocimacro : Default library not found.
2014-10-31 12:23:19,957 - Velocimacro : allowInline = true : VMs can be defined inline in templates
2014-10-31 12:23:19,957 - Velocimacro : allowInlineToOverride = false : VMs defined inline may NOT replace previous VM definitions
2014-10-31 12:23:19,957 - Velocimacro : allowInlineLocal = false : VMs defined inline will be global in scope if allowed.
2014-10-31 12:23:19,957 - Velocimacro : autoload off : VM system will not automatically reload global library macros
2014-10-31 12:23:19,988 - Log4JLogChute initialized using file 'velocity.log'
2014-10-31 12:23:19,988 - Log4JLogChute initialized using file 'velocity.log'
2014-10-31 12:23:19,988 - Initializing Velocity, Calling init()...
2014-10-31 12:23:19,988 - Initializing Velocity, Calling init()...
2014-10-31 12:23:20,004 - Starting Apache Velocity v1.7 (compiled: 2010-11-19 12:14:37)
2014-10-31 12:23:20,004 - Starting Apache Velocity v1.7 (compiled: 2010-11-19 12:14:37)
2014-10-31 12:23:20,004 - Default Properties File: org\apache\velocity\runtime\defaults\velocity.properties
2014-10-31 12:23:20,004 - Default Properties File: org\apache\velocity\runtime\defaults\velocity.properties
2014-10-31 12:23:20,004 - Trying to use logger class org.apache.velocity.runtime.log.AvalonLogChute
2014-10-31 12:23:20,004 - Trying to use logger class org.apache.velocity.runtime.log.AvalonLogChute
2014-10-31 12:23:20,004 - Target log system for org.apache.velocity.runtime.log.AvalonLogChute is not available (java.lang.NoClassDefFoundError: org/apache/log/format/Formatter).  Falling back to next log system...
2014-10-31 12:23:20,004 - Target log system for org.apache.velocity.runtime.log.AvalonLogChute is not available (java.lang.NoClassDefFoundError: org/apache/log/format/Formatter).  Falling back to next log system...
2014-10-31 12:23:20,004 - Trying to use logger class org.apache.velocity.runtime.log.Log4JLogChute
2014-10-31 12:23:20,004 - Trying to use logger class org.apache.velocity.runtime.log.Log4JLogChute
2014-10-31 12:23:20,004 - Using logger class org.apache.velocity.runtime.log.Log4JLogChute
2014-10-31 12:23:20,004 - Using logger class org.apache.velocity.runtime.log.Log4JLogChute
2014-10-31 12:23:20,004 - ResourceLoader instantiated: org.apache.velocity.runtime.resource.loader.FileResourceLoader
2014-10-31 12:23:20,004 - ResourceLoader instantiated: org.apache.velocity.runtime.resource.loader.FileResourceLoader
2014-10-31 12:23:20,004 - Do unicode file recognition:  false
2014-10-31 12:23:20,004 - Do unicode file recognition:  false
2014-10-31 12:23:20,004 - FileResourceLoader : adding path '.'
2014-10-31 12:23:20,004 - FileResourceLoader : adding path '.'
2014-10-31 12:23:20,004 - ResourceLoader instantiated: org.apache.velocity.runtime.resource.loader.ClasspathResourceLoader
2014-10-31 12:23:20,004 - ResourceLoader instantiated: org.apache.velocity.runtime.resource.loader.ClasspathResourceLoader
2014-10-31 12:23:20,004 - ResourceCache: initialized (class org.apache.velocity.runtime.resource.ResourceCacheImpl) with class java.util.Collections$SynchronizedMap cache map.
2014-10-31 12:23:20,004 - ResourceCache: initialized (class org.apache.velocity.runtime.resource.ResourceCacheImpl) with class java.util.Collections$SynchronizedMap cache map.
2014-10-31 12:23:20,004 - Loaded System Directive: org.apache.velocity.runtime.directive.Stop
2014-10-31 12:23:20,004 - Loaded System Directive: org.apache.velocity.runtime.directive.Stop
2014-10-31 12:23:20,004 - Loaded System Directive: org.apache.velocity.runtime.directive.Define
2014-10-31 12:23:20,004 - Loaded System Directive: org.apache.velocity.runtime.directive.Define
2014-10-31 12:23:20,004 - Loaded System Directive: org.apache.velocity.runtime.directive.Break
2014-10-31 12:23:20,004 - Loaded System Directive: org.apache.velocity.runtime.directive.Break
2014-10-31 12:23:20,004 - Loaded System Directive: org.apache.velocity.runtime.directive.Evaluate
2014-10-31 12:23:20,004 - Loaded System Directive: org.apache.velocity.runtime.directive.Evaluate
2014-10-31 12:23:20,004 - Loaded System Directive: org.apache.velocity.runtime.directive.Literal
2014-10-31 12:23:20,004 - Loaded System Directive: org.apache.velocity.runtime.directive.Literal
2014-10-31 12:23:20,004 - Loaded System Directive: org.apache.velocity.runtime.directive.Macro
2014-10-31 12:23:20,004 - Loaded System Directive: org.apache.velocity.runtime.directive.Macro
2014-10-31 12:23:20,004 - Loaded System Directive: org.apache.velocity.runtime.directive.Parse
2014-10-31 12:23:20,004 - Loaded System Directive: org.apache.velocity.runtime.directive.Parse
2014-10-31 12:23:20,004 - Loaded System Directive: org.apache.velocity.runtime.directive.Include
2014-10-31 12:23:20,004 - Loaded System Directive: org.apache.velocity.runtime.directive.Include
2014-10-31 12:23:20,004 - Loaded System Directive: org.apache.velocity.runtime.directive.Foreach
2014-10-31 12:23:20,004 - Loaded System Directive: org.apache.velocity.runtime.directive.Foreach
2014-10-31 12:23:20,004 - Created '20' parsers.
2014-10-31 12:23:20,004 - Created '20' parsers.
2014-10-31 12:23:20,004 - Velocimacro : "velocimacro.library" is not set.  Trying default library: VM_global_library.vm
2014-10-31 12:23:20,004 - Velocimacro : "velocimacro.library" is not set.  Trying default library: VM_global_library.vm
2014-10-31 12:23:20,004 - Could not load resource 'VM_global_library.vm' from ResourceLoader org.apache.velocity.runtime.resource.loader.ClasspathResourceLoader: ClasspathResourceLoader Error: cannot find resource VM_global_library.vm
2014-10-31 12:23:20,004 - Could not load resource 'VM_global_library.vm' from ResourceLoader org.apache.velocity.runtime.resource.loader.ClasspathResourceLoader: ClasspathResourceLoader Error: cannot find resource VM_global_library.vm
2014-10-31 12:23:20,004 - Velocimacro : Default library not found.
2014-10-31 12:23:20,004 - Velocimacro : Default library not found.
2014-10-31 12:23:20,004 - Velocimacro : allowInline = true : VMs can be defined inline in templates
2014-10-31 12:23:20,004 - Velocimacro : allowInline = true : VMs can be defined inline in templates
2014-10-31 12:23:20,004 - Velocimacro : allowInlineToOverride = false : VMs defined inline may NOT replace previous VM definitions
2014-10-31 12:23:20,004 - Velocimacro : allowInlineToOverride = false : VMs defined inline may NOT replace previous VM definitions
2014-10-31 12:23:20,004 - Velocimacro : allowInlineLocal = false : VMs defined inline will be global in scope if allowed.
2014-10-31 12:23:20,004 - Velocimacro : allowInlineLocal = false : VMs defined inline will be global in scope if allowed.
2014-10-31 12:23:20,004 - Velocimacro : autoload off : VM system will not automatically reload global library macros
2014-10-31 12:23:20,004 - Velocimacro : autoload off : VM system will not automatically reload global library macros
2014-10-31 12:23:20,020 - ResourceManager : found /templates/shape_song_header.vc with loader org.apache.velocity.runtime.resource.loader.ClasspathResourceLoader
2014-10-31 12:23:20,020 - ResourceManager : found /templates/shape_song_header.vc with loader org.apache.velocity.runtime.resource.loader.ClasspathResourceLoader
2014-10-31 12:23:20,035 - ResourceManager : found /templates/shape_song_body.vc with loader org.apache.velocity.runtime.resource.loader.ClasspathResourceLoader
2014-10-31 12:23:20,035 - ResourceManager : found /templates/shape_song_body.vc with loader org.apache.velocity.runtime.resource.loader.ClasspathResourceLoader
2014-10-31 12:23:20,035 - ResourceManager : found /templates/shape_song_header.vc with loader org.apache.velocity.runtime.resource.loader.ClasspathResourceLoader
2014-10-31 12:23:20,035 - ResourceManager : found /templates/shape_song_header.vc with loader org.apache.velocity.runtime.resource.loader.ClasspathResourceLoader
2014-10-31 12:23:20,035 - ResourceManager : found /templates/shape_song_body.vc with loader org.apache.velocity.runtime.resource.loader.ClasspathResourceLoader
2014-10-31 12:23:20,035 - ResourceManager : found /templates/shape_song_body.vc with loader org.apache.velocity.runtime.resource.loader.ClasspathResourceLoader
2014-10-31 12:23:20,051 - ResourceManager : found /templates/shape_song_header.vc with loader org.apache.velocity.runtime.resource.loader.ClasspathResourceLoader
2014-10-31 12:23:20,051 - ResourceManager : found /templates/shape_song_header.vc with loader org.apache.velocity.runtime.resource.loader.ClasspathResourceLoader
2014-10-31 12:23:20,051 - ResourceManager : found /templates/shape_song_body.vc with loader org.apache.velocity.runtime.resource.loader.ClasspathResourceLoader
2014-10-31 12:23:20,051 - ResourceManager : found /templates/shape_song_body.vc with loader org.apache.velocity.runtime.resource.loader.ClasspathResourceLoader
2014-10-31 12:23:20,051 - ResourceManager : found /templates/shape_song_header.vc with loader org.apache.velocity.runtime.resource.loader.ClasspathResourceLoader
2014-10-31 12:23:20,051 - ResourceManager : found /templates/shape_song_header.vc with loader org.apache.velocity.runtime.resource.loader.ClasspathResourceLoader
2014-10-31 12:23:20,066 - ResourceManager : found /templates/shape_song_body.vc with loader org.apache.velocity.runtime.resource.loader.ClasspathResourceLoader
2014-10-31 12:23:20,066 - ResourceManager : found /templates/shape_song_body.vc with loader org.apache.velocity.runtime.resource.loader.ClasspathResourceLoader
2014-10-31 12:28:33,664 - Log4JLogChute initialized using file 'velocity.log'
2014-10-31 12:28:33,664 - Initializing Velocity, Calling init()...
2014-10-31 12:28:33,664 - Starting Apache Velocity v1.7 (compiled: 2010-11-19 12:14:37)
2014-10-31 12:28:33,664 - Default Properties File: org\apache\velocity\runtime\defaults\velocity.properties
2014-10-31 12:28:33,664 - Trying to use logger class org.apache.velocity.runtime.log.AvalonLogChute
2014-10-31 12:28:33,664 - Target log system for org.apache.velocity.runtime.log.AvalonLogChute is not available (java.lang.NoClassDefFoundError: org/apache/log/format/Formatter).  Falling back to next log system...
2014-10-31 12:28:33,664 - Trying to use logger class org.apache.velocity.runtime.log.Log4JLogChute
2014-10-31 12:28:33,664 - Using logger class org.apache.velocity.runtime.log.Log4JLogChute
2014-10-31 12:28:33,679 - ResourceLoader instantiated: org.apache.velocity.runtime.resource.loader.FileResourceLoader
2014-10-31 12:28:33,679 - Do unicode file recognition:  false
2014-10-31 12:28:33,679 - FileResourceLoader : adding path '.'
2014-10-31 12:28:33,679 - ResourceCache: initialized (class org.apache.velocity.runtime.resource.ResourceCacheImpl) with class java.util.Collections$SynchronizedMap cache map.
2014-10-31 12:28:33,679 - Loaded System Directive: org.apache.velocity.runtime.directive.Stop
2014-10-31 12:28:33,695 - Loaded System Directive: org.apache.velocity.runtime.directive.Define
2014-10-31 12:28:33,695 - Loaded System Directive: org.apache.velocity.runtime.directive.Break
2014-10-31 12:28:33,695 - Loaded System Directive: org.apache.velocity.runtime.directive.Evaluate
2014-10-31 12:28:33,695 - Loaded System Directive: org.apache.velocity.runtime.directive.Literal
2014-10-31 12:28:33,695 - Loaded System Directive: org.apache.velocity.runtime.directive.Macro
2014-10-31 12:28:33,695 - Loaded System Directive: org.apache.velocity.runtime.directive.Parse
2014-10-31 12:28:33,695 - Loaded System Directive: org.apache.velocity.runtime.directive.Include
2014-10-31 12:28:33,695 - Loaded System Directive: org.apache.velocity.runtime.directive.Foreach
2014-10-31 12:28:33,742 - Created '20' parsers.
2014-10-31 12:28:33,757 - Velocimacro : "velocimacro.library" is not set.  Trying default library: VM_global_library.vm
2014-10-31 12:28:33,757 - Velocimacro : Default library not found.
2014-10-31 12:28:33,757 - Velocimacro : allowInline = true : VMs can be defined inline in templates
2014-10-31 12:28:33,757 - Velocimacro : allowInlineToOverride = false : VMs defined inline may NOT replace previous VM definitions
2014-10-31 12:28:33,757 - Velocimacro : allowInlineLocal = false : VMs defined inline will be global in scope if allowed.
2014-10-31 12:28:33,757 - Velocimacro : autoload off : VM system will not automatically reload global library macros
2014-10-31 12:28:33,804 - Log4JLogChute initialized using file 'velocity.log'
2014-10-31 12:28:33,804 - Log4JLogChute initialized using file 'velocity.log'
2014-10-31 12:28:33,804 - Initializing Velocity, Calling init()...
2014-10-31 12:28:33,804 - Initializing Velocity, Calling init()...
2014-10-31 12:28:33,804 - Starting Apache Velocity v1.7 (compiled: 2010-11-19 12:14:37)
2014-10-31 12:28:33,804 - Starting Apache Velocity v1.7 (compiled: 2010-11-19 12:14:37)
2014-10-31 12:28:33,804 - Default Properties File: org\apache\velocity\runtime\defaults\velocity.properties
2014-10-31 12:28:33,804 - Default Properties File: org\apache\velocity\runtime\defaults\velocity.properties
2014-10-31 12:28:33,804 - Trying to use logger class org.apache.velocity.runtime.log.AvalonLogChute
2014-10-31 12:28:33,804 - Trying to use logger class org.apache.velocity.runtime.log.AvalonLogChute
2014-10-31 12:28:33,804 - Target log system for org.apache.velocity.runtime.log.AvalonLogChute is not available (java.lang.NoClassDefFoundError: org/apache/log/format/Formatter).  Falling back to next log system...
2014-10-31 12:28:33,804 - Target log system for org.apache.velocity.runtime.log.AvalonLogChute is not available (java.lang.NoClassDefFoundError: org/apache/log/format/Formatter).  Falling back to next log system...
2014-10-31 12:28:33,804 - Trying to use logger class org.apache.velocity.runtime.log.Log4JLogChute
2014-10-31 12:28:33,804 - Trying to use logger class org.apache.velocity.runtime.log.Log4JLogChute
2014-10-31 12:28:33,804 - Using logger class org.apache.velocity.runtime.log.Log4JLogChute
2014-10-31 12:28:33,804 - Using logger class org.apache.velocity.runtime.log.Log4JLogChute
2014-10-31 12:28:33,804 - ResourceLoader instantiated: org.apache.velocity.runtime.resource.loader.FileResourceLoader
2014-10-31 12:28:33,804 - ResourceLoader instantiated: org.apache.velocity.runtime.resource.loader.FileResourceLoader
2014-10-31 12:28:33,804 - Do unicode file recognition:  false
2014-10-31 12:28:33,804 - Do unicode file recognition:  false
2014-10-31 12:28:33,804 - FileResourceLoader : adding path '.'
2014-10-31 12:28:33,804 - FileResourceLoader : adding path '.'
2014-10-31 12:28:33,804 - ResourceLoader instantiated: org.apache.velocity.runtime.resource.loader.ClasspathResourceLoader
2014-10-31 12:28:33,804 - ResourceLoader instantiated: org.apache.velocity.runtime.resource.loader.ClasspathResourceLoader
2014-10-31 12:28:33,804 - ResourceCache: initialized (class org.apache.velocity.runtime.resource.ResourceCacheImpl) with class java.util.Collections$SynchronizedMap cache map.
2014-10-31 12:28:33,804 - ResourceCache: initialized (class org.apache.velocity.runtime.resource.ResourceCacheImpl) with class java.util.Collections$SynchronizedMap cache map.
2014-10-31 12:28:33,804 - Loaded System Directive: org.apache.velocity.runtime.directive.Stop
2014-10-31 12:28:33,804 - Loaded System Directive: org.apache.velocity.runtime.directive.Stop
2014-10-31 12:28:33,804 - Loaded System Directive: org.apache.velocity.runtime.directive.Define
2014-10-31 12:28:33,804 - Loaded System Directive: org.apache.velocity.runtime.directive.Define
2014-10-31 12:28:33,804 - Loaded System Directive: org.apache.velocity.runtime.directive.Break
2014-10-31 12:28:33,804 - Loaded System Directive: org.apache.velocity.runtime.directive.Break
2014-10-31 12:28:33,804 - Loaded System Directive: org.apache.velocity.runtime.directive.Evaluate
2014-10-31 12:28:33,804 - Loaded System Directive: org.apache.velocity.runtime.directive.Evaluate
2014-10-31 12:28:33,804 - Loaded System Directive: org.apache.velocity.runtime.directive.Literal
2014-10-31 12:28:33,804 - Loaded System Directive: org.apache.velocity.runtime.directive.Literal
2014-10-31 12:28:33,804 - Loaded System Directive: org.apache.velocity.runtime.directive.Macro
2014-10-31 12:28:33,804 - Loaded System Directive: org.apache.velocity.runtime.directive.Macro
2014-10-31 12:28:33,804 - Loaded System Directive: org.apache.velocity.runtime.directive.Parse
2014-10-31 12:28:33,804 - Loaded System Directive: org.apache.velocity.runtime.directive.Parse
2014-10-31 12:28:33,804 - Loaded System Directive: org.apache.velocity.runtime.directive.Include
2014-10-31 12:28:33,804 - Loaded System Directive: org.apache.velocity.runtime.directive.Include
2014-10-31 12:28:33,804 - Loaded System Directive: org.apache.velocity.runtime.directive.Foreach
2014-10-31 12:28:33,804 - Loaded System Directive: org.apache.velocity.runtime.directive.Foreach
2014-10-31 12:28:33,804 - Created '20' parsers.
2014-10-31 12:28:33,804 - Created '20' parsers.
2014-10-31 12:28:33,804 - Velocimacro : "velocimacro.library" is not set.  Trying default library: VM_global_library.vm
2014-10-31 12:28:33,804 - Velocimacro : "velocimacro.library" is not set.  Trying default library: VM_global_library.vm
2014-10-31 12:28:33,804 - Could not load resource 'VM_global_library.vm' from ResourceLoader org.apache.velocity.runtime.resource.loader.ClasspathResourceLoader: ClasspathResourceLoader Error: cannot find resource VM_global_library.vm
2014-10-31 12:28:33,804 - Could not load resource 'VM_global_library.vm' from ResourceLoader org.apache.velocity.runtime.resource.loader.ClasspathResourceLoader: ClasspathResourceLoader Error: cannot find resource VM_global_library.vm
2014-10-31 12:28:33,804 - Velocimacro : Default library not found.
2014-10-31 12:28:33,804 - Velocimacro : Default library not found.
2014-10-31 12:28:33,804 - Velocimacro : allowInline = true : VMs can be defined inline in templates
2014-10-31 12:28:33,804 - Velocimacro : allowInline = true : VMs can be defined inline in templates
2014-10-31 12:28:33,804 - Velocimacro : allowInlineToOverride = false : VMs defined inline may NOT replace previous VM definitions
2014-10-31 12:28:33,804 - Velocimacro : allowInlineToOverride = false : VMs defined inline may NOT replace previous VM definitions
2014-10-31 12:28:33,804 - Velocimacro : allowInlineLocal = false : VMs defined inline will be global in scope if allowed.
2014-10-31 12:28:33,804 - Velocimacro : allowInlineLocal = false : VMs defined inline will be global in scope if allowed.
2014-10-31 12:28:33,804 - Velocimacro : autoload off : VM system will not automatically reload global library macros
2014-10-31 12:28:33,804 - Velocimacro : autoload off : VM system will not automatically reload global library macros
2014-10-31 12:28:33,820 - ResourceManager : found /templates/shape_song_header.vc with loader org.apache.velocity.runtime.resource.loader.ClasspathResourceLoader
2014-10-31 12:28:33,820 - ResourceManager : found /templates/shape_song_header.vc with loader org.apache.velocity.runtime.resource.loader.ClasspathResourceLoader
2014-10-31 12:28:33,820 - ResourceManager : found /templates/shape_song_body.vc with loader org.apache.velocity.runtime.resource.loader.ClasspathResourceLoader
2014-10-31 12:28:33,820 - ResourceManager : found /templates/shape_song_body.vc with loader org.apache.velocity.runtime.resource.loader.ClasspathResourceLoader
2014-10-31 12:28:33,835 - ResourceManager : found /templates/shape_song_header.vc with loader org.apache.velocity.runtime.resource.loader.ClasspathResourceLoader
2014-10-31 12:28:33,835 - ResourceManager : found /templates/shape_song_header.vc with loader org.apache.velocity.runtime.resource.loader.ClasspathResourceLoader
2014-10-31 12:28:33,835 - ResourceManager : found /templates/shape_song_body.vc with loader org.apache.velocity.runtime.resource.loader.ClasspathResourceLoader
2014-10-31 12:28:33,835 - ResourceManager : found /templates/shape_song_body.vc with loader org.apache.velocity.runtime.resource.loader.ClasspathResourceLoader
2014-10-31 12:28:33,851 - ResourceManager : found /templates/shape_song_header.vc with loader org.apache.velocity.runtime.resource.loader.ClasspathResourceLoader
2014-10-31 12:28:33,851 - ResourceManager : found /templates/shape_song_header.vc with loader org.apache.velocity.runtime.resource.loader.ClasspathResourceLoader
2014-10-31 12:28:33,851 - ResourceManager : found /templates/shape_song_body.vc with loader org.apache.velocity.runtime.resource.loader.ClasspathResourceLoader
2014-10-31 12:28:33,851 - ResourceManager : found /templates/shape_song_body.vc with loader org.apache.velocity.runtime.resource.loader.ClasspathResourceLoader
2014-10-31 12:28:33,851 - ResourceManager : found /templates/shape_song_header.vc with loader org.apache.velocity.runtime.resource.loader.ClasspathResourceLoader
2014-10-31 12:28:33,851 - ResourceManager : found /templates/shape_song_header.vc with loader org.apache.velocity.runtime.resource.loader.ClasspathResourceLoader
2014-10-31 12:28:33,866 - ResourceManager : found /templates/shape_song_body.vc with loader org.apache.velocity.runtime.resource.loader.ClasspathResourceLoader
2014-10-31 12:28:33,866 - ResourceManager : found /templates/shape_song_body.vc with loader org.apache.velocity.runtime.resource.loader.ClasspathResourceLoader
