2014-11-01 19:12:07  INFO: liedbase.LiedBase - LiedBase gestart
2014-11-01 19:12:07  WARN: liedbase.LiedBase - Voorganger werd niet gevonden (geen dubbele punt?). Voorbeeld: 'dominee: V. Oorganger'
2014-11-01 19:12:17  INFO: liedbase.LiedBase - Presentatie opgeslagen op: E:\Projects\Eclipse Workspace\LiedBase\target\Presentatie.pptx
2014-11-01 19:12:49  INFO: liedbase.LiedBase - LiedBase gestart
2014-11-01 19:12:49  WARN: liedbase.LiedBase - Voorganger werd niet gevonden (geen dubbele punt?). Voorbeeld: 'dominee: V. Oorganger'
2014-11-01 19:12:59  INFO: liedbase.LiedBase - Presentatie opgeslagen op: E:\Projects\Eclipse Workspace\LiedBase\target\Presentatie.pptx
2014-11-01 19:28:07  INFO: liedbase.LiedBase - LiedBase gestart
2014-11-01 19:28:07  WARN: liedbase.LiedBase - Voorganger werd niet gevonden (geen dubbele punt?). Voorbeeld: 'dominee: V. Oorganger'
2014-11-01 19:28:14  INFO: liedbase.LiedBase - Presentatie opgeslagen op: C:\Data\EclipseWorkspace\liedbase\target\Presentatie.pptx
2014-11-01 19:56:11  INFO: liedbase.LiedBase - LiedBase gestart
2014-11-01 19:56:11  WARN: liedbase.LiedBase - Voorganger werd niet gevonden (geen dubbele punt?). Voorbeeld: 'dominee: V. Oorganger'
2014-11-01 19:56:18  INFO: liedbase.LiedBase - Presentatie opgeslagen op: C:\Data\EclipseWorkspace\liedbase\target\Presentatie.pptx
2014-11-01 20:00:52  INFO: liedbase.LiedBase - LiedBase gestart
2014-11-01 20:00:52  WARN: liedbase.LiedBase - Voorganger werd niet gevonden (geen dubbele punt?). Voorbeeld: 'dominee: V. Oorganger'
2014-11-01 20:00:59  INFO: liedbase.LiedBase - Presentatie opgeslagen op: C:\Data\EclipseWorkspace\liedbase\target\Presentatie.pptx
2014-11-02 12:48:38  INFO: liedbase.LiedBase - LiedBase gestart
2014-11-02 12:48:38  WARN: liedbase.LiedBase - Voorganger werd niet gevonden (geen dubbele punt?). Voorbeeld: 'dominee: V. Oorganger'
2014-11-02 12:48:46  INFO: liedbase.LiedBase - Presentatie opgeslagen op: E:\Projects\Eclipse Workspace\LiedBase\target\Presentatie.pptx
2014-11-02 12:48:51  INFO: liedbase.LiedBase - LiedBase gestart
2014-11-02 12:52:04  INFO: liedbase.LiedBase - Presentatie opgeslagen op: E:\Projects\Eclipse Workspace\LiedBase\target\Presentatie.pptx
2014-11-02 12:52:53  INFO: liedbase.LiedBase - LiedBase gestart
2014-11-02 12:53:03  INFO: liedbase.LiedBase - Presentatie opgeslagen op: E:\Projects\Eclipse Workspace\LiedBase\target\Presentatie.pptx
2014-11-02 12:53:44  INFO: liedbase.LiedBase - LiedBase gestart
2014-11-02 12:53:54  INFO: liedbase.LiedBase - Presentatie opgeslagen op: E:\Projects\Eclipse Workspace\LiedBase\target\Presentatie.pptx
2014-11-02 12:54:54  INFO: liedbase.LiedBase - LiedBase gestart
2014-11-02 12:55:04  INFO: liedbase.LiedBase - Presentatie opgeslagen op: E:\Projects\Eclipse Workspace\LiedBase\target\Presentatie.pptx
2014-11-02 13:49:15  INFO: liedbase.LiedBase - LiedBase gestart
2014-11-02 13:49:26  INFO: liedbase.LiedBase - Presentatie opgeslagen op: E:\Projects\Eclipse Workspace\LiedBase\target\Presentatie.pptx
2014-11-02 13:50:02  INFO: liedbase.LiedBase - LiedBase gestart
2014-11-02 13:50:02 ERROR: liedbase.LiedBase - Invoerbestand 'E:\Projects\Eclipse Workspace\LiedBase\liturgie.txt' niet gevonden
2014-11-02 13:50:28  INFO: liedbase.LiedBase - LiedBase gestart
2014-11-02 13:50:28 ERROR: liedbase.LiedBase - Invoerbestand 'E:\Projects\Eclipse Workspace\LiedBase\liturgie.txt' niet gevonden
2014-11-02 13:51:30  INFO: liedbase.LiedBase - LiedBase gestart
2014-11-02 13:51:39  INFO: liedbase.LiedBase - Presentatie opgeslagen op: E:\Projects\Eclipse Workspace\LiedBase\target\Presentatie.pptx
2014-11-02 13:53:07  INFO: liedbase.LiedBase - LiedBase gestart
2014-11-02 13:53:07  INFO: liedbase.LiedBase - liturgie is leeg, niets te doen...
2014-11-02 13:53:24  INFO: liedbase.LiedBase - LiedBase gestart
2014-11-02 13:53:33  INFO: liedbase.LiedBase - Presentatie opgeslagen op: E:\Projects\Eclipse Workspace\LiedBase\target\Presentatie.pptx
2014-11-02 13:56:02  INFO: liedbase.LiedBase - LiedBase gestart
2014-11-02 13:56:13  INFO: liedbase.LiedBase - Presentatie opgeslagen op: E:\Projects\Eclipse Workspace\LiedBase\target\Presentatie.pptx
2014-11-02 14:07:14  INFO: liedbase.LiedBase - LiedBase gestart
2014-11-02 14:07:15 ERROR: liedbase.LiedBase - Onbekend liturgie onderdeel: friet eten
2014-11-02 14:11:31  INFO: liedbase.LiedBase - LiedBase gestart
2014-11-02 14:11:32  WARN: liedbase.LiedBase - Onbekend liturgie onderdeel: friet eten
2014-11-02 14:12:06  INFO: liedbase.LiedBase - LiedBase gestart
2014-11-02 14:12:07  WARN: liedbase.LiedBase - Onbekend liturgie onderdeel: friet eten
2014-11-02 14:12:18  INFO: liedbase.LiedBase - Presentatie opgeslagen op: E:\Projects\Eclipse Workspace\LiedBase\target\Presentatie.pptx
2014-11-02 14:29:51  INFO: liedbase.LiedBase - LiedBase gestart
2014-11-02 14:29:52  WARN: liedbase.LiedBase - Onbekend liturgie onderdeel: friet eten
2014-11-02 14:30:02  INFO: liedbase.LiedBase - Presentatie opgeslagen op: E:\Projects\Eclipse Workspace\LiedBase\target\Presentatie.pptx
